<?xml version="1.0" encoding="UTF-8"?>
<!-- Generated by org.testng.reporters.JUnitReportReporter -->
<testsuite hostname="inlen8520086981" failures="0" tests="1" name="TestCases.Home1_test$Home1_Test" time="37.825" errors="0" timestamp="2023-12-12T20:53:15 IST" skipped="0">
  <testcase classname="TestCases.Home1_test$Home1_Test" name="size" time="37.825"/>
  <system-out/>
</testsuite> <!-- TestCases.Home1_test$Home1_Test -->
