<?xml version="1.0" encoding="UTF-8"?>
<!-- Generated by org.testng.reporters.JUnitReportReporter -->
<testsuite hostname="inlen8520086981" failures="0" tests="1" name="TestCases.Home_Test" time="0.000" errors="0" timestamp="2024-02-02T11:28:37 IST" skipped="1">
  <testcase classname="TestCases.Home_Test" name="Home_Method" time="0.000">
    <skipped/>
  </testcase> <!-- Home_Method -->
  <system-out/>
</testsuite> <!-- TestCases.Home_Test -->
